# JRE version: Java(TM) SE Runtime Environment (19.0.1+10) (build 19.0.1+10-21)
# Java VM: Java HotSpot(TM) 64-Bit Server VM (19.0.1+10-21, mixed mode, sharing, tiered, compressed oops, compressed class ptrs, g1 gc, windows-amd64)
GC Precious Log:
 CardTable entry size: 512
 Card Set container configuration: InlinePtr #cards 5 size 8 Array Of Cards #cards 12 size 40 Howl #buckets 4 coarsen threshold 1843 Howl Bitmap #cards 512 size 80 coarsen threshold 460 Card regions per heap region 1 cards per card region 2048
 CPUs: 12 total, 12 available
 Memory: 7502M
 Large Page Support: Disabled
 NUMA Support: Disabled
 Compressed Oops: Enabled (32-bit)
 Heap Region Size: 1M
 Heap Min Capacity: 8M
 Heap Initial Capacity: 118M
 Heap Max Capacity: 1876M
 Pre-touch: Disabled
 Parallel Workers: 10
 Concurrent Workers: 3
 Concurrent Refinement Workers: 10
 Periodic GC: Disabled
Heap:
 garbage-first heap   total 120832K, used 74476K [0x000000008ac00000, 0x0000000100000000)
  region size 1024K, 66 young (67584K), 1 survivors (1024K)
 Metaspace       used 16052K, committed 16256K, reserved 1114112K
  class space    used 1375K, committed 1472K, reserved 1048576K
GC Heap History (12 events):
Event: 17.959 GC heap before
{Heap before GC invocations=0 (full 0):
 garbage-first heap   total 120832K, used 30720K [0x000000008ac00000, 0x0000000100000000)
  region size 1024K, 23 young (23552K), 0 survivors (0K)
 Metaspace       used 13214K, committed 13376K, reserved 1114112K
  class space    used 1090K, committed 1152K, reserved 1048576K
}
Event: 17.995 GC heap after
{Heap after GC invocations=1 (full 0):
 garbage-first heap   total 120832K, used 8379K [0x000000008ac00000, 0x0000000100000000)
  region size 1024K, 3 young (3072K), 3 survivors (3072K)
 Metaspace       used 13214K, committed 13376K, reserved 1114112K
  class space    used 1090K, committed 1152K, reserved 1048576K
}
Event: 21.255 GC heap before
{Heap before GC invocations=1 (full 0):
 garbage-first heap   total 120832K, used 41147K [0x000000008ac00000, 0x0000000100000000)
  region size 1024K, 35 young (35840K), 3 survivors (3072K)
 Metaspace       used 14622K, committed 14784K, reserved 1114112K
  class space    used 1275K, committed 1344K, reserved 1048576K
}
Event: 21.265 GC heap after
{Heap after GC invocations=2 (full 0):
 garbage-first heap   total 120832K, used 7015K [0x000000008ac00000, 0x0000000100000000)
  region size 1024K, 1 young (1024K), 1 survivors (1024K)
 Metaspace       used 14622K, committed 14784K, reserved 1114112K
  class space    used 1275K, committed 1344K, reserved 1048576K
}
Event: 23.525 GC heap before
{Heap before GC invocations=2 (full 0):
 garbage-first heap   total 120832K, used 77671K [0x000000008ac00000, 0x0000000100000000)
  region size 1024K, 70 young (71680K), 1 survivors (1024K)
 Metaspace       used 15145K, committed 15296K, reserved 1114112K
  class space    used 1283K, committed 1344K, reserved 1048576K
}
Event: 23.526 GC heap after
{Heap after GC invocations=3 (full 0):
 garbage-first heap   total 120832K, used 6801K [0x000000008ac00000, 0x0000000100000000)
  region size 1024K, 1 young (1024K), 1 survivors (1024K)
 Metaspace       used 15145K, committed 15296K, reserved 1114112K
  class space    used 1283K, committed 1344K, reserved 1048576K
}
Event: 25.954 GC heap before
{Heap before GC invocations=3 (full 0):
 garbage-first heap   total 120832K, used 77457K [0x000000008ac00000, 0x0000000100000000)
  region size 1024K, 70 young (71680K), 1 survivors (1024K)
 Metaspace       used 15450K, committed 15680K, reserved 1114112K
  class space    used 1312K, committed 1408K, reserved 1048576K
}
Event: 25.960 GC heap after
{Heap after GC invocations=4 (full 0):
 garbage-first heap   total 120832K, used 6818K [0x000000008ac00000, 0x0000000100000000)
  region size 1024K, 1 young (1024K), 1 survivors (1024K)
 Metaspace       used 15450K, committed 15680K, reserved 1114112K
  class space    used 1312K, committed 1408K, reserved 1048576K
}
Event: 28.274 GC heap before
{Heap before GC invocations=4 (full 0):
 garbage-first heap   total 120832K, used 77474K [0x000000008ac00000, 0x0000000100000000)
  region size 1024K, 70 young (71680K), 1 survivors (1024K)
 Metaspace       used 15819K, committed 16000K, reserved 1114112K
  class space    used 1354K, committed 1408K, reserved 1048576K
}
Event: 28.276 GC heap after
{Heap after GC invocations=5 (full 0):
 garbage-first heap   total 120832K, used 6828K [0x000000008ac00000, 0x0000000100000000)
  region size 1024K, 1 young (1024K), 1 survivors (1024K)
 Metaspace       used 15819K, committed 16000K, reserved 1114112K
  class space    used 1354K, committed 1408K, reserved 1048576K
}
Event: 30.617 GC heap before
{Heap before GC invocations=5 (full 0):
 garbage-first heap   total 120832K, used 77484K [0x000000008ac00000, 0x0000000100000000)
  region size 1024K, 70 young (71680K), 1 survivors (1024K)
 Metaspace       used 15963K, committed 16128K, reserved 1114112K
  class space    used 1370K, committed 1472K, reserved 1048576K
}
Event: 30.622 GC heap after
{Heap after GC invocations=6 (full 0):
 garbage-first heap   total 120832K, used 6892K [0x000000008ac00000, 0x0000000100000000)
  region size 1024K, 1 young (1024K), 1 survivors (1024K)
 Metaspace       used 15963K, committed 16128K, reserved 1114112K
  class space    used 1370K, committed 1472K, reserved 1048576K
}

