# JRE version: Java(TM) SE Runtime Environment (19.0.1+10) (build 19.0.1+10-21)
# Java VM: Java HotSpot(TM) 64-Bit Server VM (19.0.1+10-21, mixed mode, sharing, tiered, compressed oops, compressed class ptrs, g1 gc, windows-amd64)
GC Precious Log:
 CardTable entry size: 512
 Card Set container configuration: InlinePtr #cards 5 size 8 Array Of Cards #cards 12 size 40 Howl #buckets 4 coarsen threshold 1843 Howl Bitmap #cards 512 size 80 coarsen threshold 460 Card regions per heap region 1 cards per card region 2048
 CPUs: 12 total, 12 available
 Memory: 7502M
 Large Page Support: Disabled
 NUMA Support: Disabled
 Compressed Oops: Enabled (32-bit)
 Heap Region Size: 1M
 Heap Min Capacity: 8M
 Heap Initial Capacity: 118M
 Heap Max Capacity: 1876M
 Pre-touch: Disabled
 Parallel Workers: 10
 Concurrent Workers: 3
 Concurrent Refinement Workers: 10
 Periodic GC: Disabled
Heap:
 garbage-first heap   total 126976K, used 24656K [0x000000008ac00000, 0x0000000100000000)
  region size 1024K, 2 young (2048K), 1 survivors (1024K)
 Metaspace       used 17158K, committed 17408K, reserved 1114112K
  class space    used 1487K, committed 1600K, reserved 1048576K
GC Heap History (12 events):
Event: 61.367 GC heap before
{Heap before GC invocations=0 (full 0):
 garbage-first heap   total 120832K, used 30720K [0x000000008ac00000, 0x0000000100000000)
  region size 1024K, 23 young (23552K), 0 survivors (0K)
 Metaspace       used 13201K, committed 13376K, reserved 1114112K
  class space    used 1090K, committed 1152K, reserved 1048576K
}
Event: 61.423 GC heap after
{Heap after GC invocations=1 (full 0):
 garbage-first heap   total 120832K, used 8369K [0x000000008ac00000, 0x0000000100000000)
  region size 1024K, 3 young (3072K), 3 survivors (3072K)
 Metaspace       used 13201K, committed 13376K, reserved 1114112K
  class space    used 1090K, committed 1152K, reserved 1048576K
}
Event: 64.151 GC heap before
{Heap before GC invocations=1 (full 0):
 garbage-first heap   total 120832K, used 41137K [0x000000008ac00000, 0x0000000100000000)
  region size 1024K, 35 young (35840K), 3 survivors (3072K)
 Metaspace       used 14620K, committed 14784K, reserved 1114112K
  class space    used 1274K, committed 1344K, reserved 1048576K
}
Event: 64.157 GC heap after
{Heap after GC invocations=2 (full 0):
 garbage-first heap   total 120832K, used 6910K [0x000000008ac00000, 0x0000000100000000)
  region size 1024K, 1 young (1024K), 1 survivors (1024K)
 Metaspace       used 14620K, committed 14784K, reserved 1114112K
  class space    used 1274K, committed 1344K, reserved 1048576K
}
Event: 66.356 GC heap before
{Heap before GC invocations=2 (full 0):
 garbage-first heap   total 120832K, used 77566K [0x000000008ac00000, 0x0000000100000000)
  region size 1024K, 70 young (71680K), 1 survivors (1024K)
 Metaspace       used 15134K, committed 15296K, reserved 1114112K
  class space    used 1283K, committed 1344K, reserved 1048576K
}
Event: 66.358 GC heap after
{Heap after GC invocations=3 (full 0):
 garbage-first heap   total 120832K, used 6777K [0x000000008ac00000, 0x0000000100000000)
  region size 1024K, 1 young (1024K), 1 survivors (1024K)
 Metaspace       used 15134K, committed 15296K, reserved 1114112K
  class space    used 1283K, committed 1344K, reserved 1048576K
}
Event: 68.749 GC heap before
{Heap before GC invocations=3 (full 0):
 garbage-first heap   total 120832K, used 77433K [0x000000008ac00000, 0x0000000100000000)
  region size 1024K, 70 young (71680K), 1 survivors (1024K)
 Metaspace       used 15429K, committed 15680K, reserved 1114112K
  class space    used 1311K, committed 1408K, reserved 1048576K
}
Event: 68.756 GC heap after
{Heap after GC invocations=4 (full 0):
 garbage-first heap   total 120832K, used 6793K [0x000000008ac00000, 0x0000000100000000)
  region size 1024K, 1 young (1024K), 1 survivors (1024K)
 Metaspace       used 15429K, committed 15680K, reserved 1114112K
  class space    used 1311K, committed 1408K, reserved 1048576K
}
Event: 71.137 GC heap before
{Heap before GC invocations=4 (full 0):
 garbage-first heap   total 120832K, used 77449K [0x000000008ac00000, 0x0000000100000000)
  region size 1024K, 70 young (71680K), 1 survivors (1024K)
 Metaspace       used 15803K, committed 16000K, reserved 1114112K
  class space    used 1353K, committed 1408K, reserved 1048576K
}
Event: 71.139 GC heap after
{Heap after GC invocations=5 (full 0):
 garbage-first heap   total 120832K, used 6830K [0x000000008ac00000, 0x0000000100000000)
  region size 1024K, 1 young (1024K), 1 survivors (1024K)
 Metaspace       used 15803K, committed 16000K, reserved 1114112K
  class space    used 1353K, committed 1408K, reserved 1048576K
}
Event: 73.690 GC heap before
{Heap before GC invocations=5 (full 0):
 garbage-first heap   total 120832K, used 77486K [0x000000008ac00000, 0x0000000100000000)
  region size 1024K, 70 young (71680K), 1 survivors (1024K)
 Metaspace       used 15948K, committed 16192K, reserved 1114112K
  class space    used 1369K, committed 1472K, reserved 1048576K
}
Event: 73.691 GC heap after
{Heap after GC invocations=6 (full 0):
 garbage-first heap   total 120832K, used 6903K [0x000000008ac00000, 0x0000000100000000)
  region size 1024K, 1 young (1024K), 1 survivors (1024K)
 Metaspace       used 15948K, committed 16192K, reserved 1114112K
  class space    used 1369K, committed 1472K, reserved 1048576K
}

