# JRE version: Java(TM) SE Runtime Environment (19.0.1+10) (build 19.0.1+10-21)
# Java VM: Java HotSpot(TM) 64-Bit Server VM (19.0.1+10-21, mixed mode, sharing, tiered, compressed oops, compressed class ptrs, g1 gc, windows-amd64)
GC Precious Log:
 CardTable entry size: 512
 Card Set container configuration: InlinePtr #cards 5 size 8 Array Of Cards #cards 12 size 40 Howl #buckets 4 coarsen threshold 1843 Howl Bitmap #cards 512 size 80 coarsen threshold 460 Card regions per heap region 1 cards per card region 2048
 CPUs: 12 total, 12 available
 Memory: 7502M
 Large Page Support: Disabled
 NUMA Support: Disabled
 Compressed Oops: Enabled (32-bit)
 Heap Region Size: 1M
 Heap Min Capacity: 8M
 Heap Initial Capacity: 118M
 Heap Max Capacity: 1876M
 Pre-touch: Disabled
 Parallel Workers: 10
 Concurrent Workers: 3
 Concurrent Refinement Workers: 10
 Periodic GC: Disabled
Heap:
 garbage-first heap   total 120832K, used 81641K [0x000000008ac00000, 0x0000000100000000)
  region size 1024K, 67 young (68608K), 1 survivors (1024K)
 Metaspace       used 15918K, committed 16128K, reserved 1114112K
  class space    used 1375K, committed 1472K, reserved 1048576K
GC Heap History (12 events):
Event: 12.770 GC heap before
{Heap before GC invocations=0 (full 0):
 garbage-first heap   total 120832K, used 30720K [0x000000008ac00000, 0x0000000100000000)
  region size 1024K, 23 young (23552K), 0 survivors (0K)
 Metaspace       used 13071K, committed 13248K, reserved 1114112K
  class space    used 1090K, committed 1152K, reserved 1048576K
}
Event: 12.798 GC heap after
{Heap after GC invocations=1 (full 0):
 garbage-first heap   total 120832K, used 8361K [0x000000008ac00000, 0x0000000100000000)
  region size 1024K, 3 young (3072K), 3 survivors (3072K)
 Metaspace       used 13071K, committed 13248K, reserved 1114112K
  class space    used 1090K, committed 1152K, reserved 1048576K
}
Event: 16.406 GC heap before
{Heap before GC invocations=1 (full 0):
 garbage-first heap   total 120832K, used 41129K [0x000000008ac00000, 0x0000000100000000)
  region size 1024K, 35 young (35840K), 3 survivors (3072K)
 Metaspace       used 14477K, committed 14656K, reserved 1114112K
  class space    used 1275K, committed 1344K, reserved 1048576K
}
Event: 16.412 GC heap after
{Heap after GC invocations=2 (full 0):
 garbage-first heap   total 120832K, used 6932K [0x000000008ac00000, 0x0000000100000000)
  region size 1024K, 1 young (1024K), 1 survivors (1024K)
 Metaspace       used 14477K, committed 14656K, reserved 1114112K
  class space    used 1275K, committed 1344K, reserved 1048576K
}
Event: 19.057 GC heap before
{Heap before GC invocations=2 (full 0):
 garbage-first heap   total 120832K, used 77588K [0x000000008ac00000, 0x0000000100000000)
  region size 1024K, 70 young (71680K), 1 survivors (1024K)
 Metaspace       used 15002K, committed 15168K, reserved 1114112K
  class space    used 1283K, committed 1344K, reserved 1048576K
}
Event: 19.060 GC heap after
{Heap after GC invocations=3 (full 0):
 garbage-first heap   total 120832K, used 6771K [0x000000008ac00000, 0x0000000100000000)
  region size 1024K, 1 young (1024K), 1 survivors (1024K)
 Metaspace       used 15002K, committed 15168K, reserved 1114112K
  class space    used 1283K, committed 1344K, reserved 1048576K
}
Event: 21.592 GC heap before
{Heap before GC invocations=3 (full 0):
 garbage-first heap   total 120832K, used 77427K [0x000000008ac00000, 0x0000000100000000)
  region size 1024K, 70 young (71680K), 1 survivors (1024K)
 Metaspace       used 15305K, committed 15552K, reserved 1114112K
  class space    used 1312K, committed 1408K, reserved 1048576K
}
Event: 21.595 GC heap after
{Heap after GC invocations=4 (full 0):
 garbage-first heap   total 120832K, used 6784K [0x000000008ac00000, 0x0000000100000000)
  region size 1024K, 1 young (1024K), 1 survivors (1024K)
 Metaspace       used 15305K, committed 15552K, reserved 1114112K
  class space    used 1312K, committed 1408K, reserved 1048576K
}
Event: 23.723 GC heap before
{Heap before GC invocations=4 (full 0):
 garbage-first heap   total 120832K, used 77440K [0x000000008ac00000, 0x0000000100000000)
  region size 1024K, 70 young (71680K), 1 survivors (1024K)
 Metaspace       used 15674K, committed 15872K, reserved 1114112K
  class space    used 1354K, committed 1408K, reserved 1048576K
}
Event: 23.726 GC heap after
{Heap after GC invocations=5 (full 0):
 garbage-first heap   total 120832K, used 6842K [0x000000008ac00000, 0x0000000100000000)
  region size 1024K, 1 young (1024K), 1 survivors (1024K)
 Metaspace       used 15674K, committed 15872K, reserved 1114112K
  class space    used 1354K, committed 1408K, reserved 1048576K
}
Event: 25.847 GC heap before
{Heap before GC invocations=5 (full 0):
 garbage-first heap   total 120832K, used 77498K [0x000000008ac00000, 0x0000000100000000)
  region size 1024K, 70 young (71680K), 1 survivors (1024K)
 Metaspace       used 15816K, committed 16000K, reserved 1114112K
  class space    used 1370K, committed 1472K, reserved 1048576K
}
Event: 25.849 GC heap after
{Heap after GC invocations=6 (full 0):
 garbage-first heap   total 120832K, used 6889K [0x000000008ac00000, 0x0000000100000000)
  region size 1024K, 1 young (1024K), 1 survivors (1024K)
 Metaspace       used 15816K, committed 16000K, reserved 1114112K
  class space    used 1370K, committed 1472K, reserved 1048576K
}

